1681202267040|9|statement|connection 0|url jdbc:p6spy:oracle:thin:@localhost:1521:XE|     drop table member cascade constraints|     drop table member cascade constraints
1681202267053|6|statement|connection 0|url jdbc:p6spy:oracle:thin:@localhost:1521:XE|     drop sequence hibernate_sequence|     drop sequence hibernate_sequence
1681202267060|4|statement|connection 0|url jdbc:p6spy:oracle:thin:@localhost:1521:XE|create sequence hibernate_sequence start with 1 increment by 1|create sequence hibernate_sequence start with 1 increment by 1
1681202267097|34|statement|connection 0|url jdbc:p6spy:oracle:thin:@localhost:1521:XE|     create table member (        id number(19,0) not null,         member_age number(10,0) not null,         member_email varchar2(255),         member_name varchar2(255),         member_password varchar2(255),         primary key (id)     )|     create table member (        id number(19,0) not null,         member_age number(10,0) not null,         member_email varchar2(255),         member_name varchar2(255),         member_password varchar2(255),         primary key (id)     )
1681202267108|10|statement|connection 0|url jdbc:p6spy:oracle:thin:@localhost:1521:XE|     alter table member         add constraint UK_3orqjaukiw2b73e2gw8rer4rq unique (member_email)|     alter table member         add constraint UK_3orqjaukiw2b73e2gw8rer4rq unique (member_email)
1681202302621|21|statement|connection 0|url jdbc:p6spy:oracle:thin:@localhost:1521:XE|     drop table member cascade constraints|     drop table member cascade constraints
1681202302623|2|statement|connection 0|url jdbc:p6spy:oracle:thin:@localhost:1521:XE|     drop sequence hibernate_sequence|     drop sequence hibernate_sequence
1681202302627|1|statement|connection 0|url jdbc:p6spy:oracle:thin:@localhost:1521:XE|create sequence hibernate_sequence start with 1 increment by 1|create sequence hibernate_sequence start with 1 increment by 1
1681202302652|23|statement|connection 0|url jdbc:p6spy:oracle:thin:@localhost:1521:XE|     create table member (        id number(19,0) not null,         member_age number(10,0) not null,         member_email varchar2(255),         member_name varchar2(255),         member_password varchar2(255),         primary key (id)     )|     create table member (        id number(19,0) not null,         member_age number(10,0) not null,         member_email varchar2(255),         member_name varchar2(255),         member_password varchar2(255),         primary key (id)     )
1681202302660|7|statement|connection 0|url jdbc:p6spy:oracle:thin:@localhost:1521:XE|     alter table member         add constraint UK_3orqjaukiw2b73e2gw8rer4rq unique (member_email)|     alter table member         add constraint UK_3orqjaukiw2b73e2gw8rer4rq unique (member_email)
1681284078751|8|statement|connection 0|url jdbc:p6spy:oracle:thin:@localhost:1521:XE|     drop table tbl_member cascade constraints|     drop table tbl_member cascade constraints
1681284078769|10|statement|connection 0|url jdbc:p6spy:oracle:thin:@localhost:1521:XE|     drop sequence hibernate_sequence|     drop sequence hibernate_sequence
1681284078778|6|statement|connection 0|url jdbc:p6spy:oracle:thin:@localhost:1521:XE|create sequence hibernate_sequence start with 1 increment by 1|create sequence hibernate_sequence start with 1 increment by 1
1681284078795|14|statement|connection 0|url jdbc:p6spy:oracle:thin:@localhost:1521:XE|     create table tbl_member (        id number(19,0) not null,         member_age number(10,0) not null,         member_email varchar2(255),         member_name varchar2(255),         member_password varchar2(255),         member_type varchar2(255),         primary key (id)     )|     create table tbl_member (        id number(19,0) not null,         member_age number(10,0) not null,         member_email varchar2(255),         member_name varchar2(255),         member_password varchar2(255),         member_type varchar2(255),         primary key (id)     )
1681284078811|16|statement|connection 0|url jdbc:p6spy:oracle:thin:@localhost:1521:XE|     alter table tbl_member         add constraint UK_s35vtuk3bgund1wqi78odjvfm unique (member_email)|     alter table tbl_member         add constraint UK_s35vtuk3bgund1wqi78odjvfm unique (member_email)
1681284124898|17|statement|connection 0|url jdbc:p6spy:oracle:thin:@localhost:1521:XE|     drop table tbl_member cascade constraints|     drop table tbl_member cascade constraints
1681284124900|1|statement|connection 0|url jdbc:p6spy:oracle:thin:@localhost:1521:XE|     drop sequence hibernate_sequence|     drop sequence hibernate_sequence
1681284124903|1|statement|connection 0|url jdbc:p6spy:oracle:thin:@localhost:1521:XE|create sequence hibernate_sequence start with 1 increment by 1|create sequence hibernate_sequence start with 1 increment by 1
1681284124914|10|statement|connection 0|url jdbc:p6spy:oracle:thin:@localhost:1521:XE|     create table tbl_member (        id number(19,0) not null,         member_age number(10,0) not null,         member_email varchar2(255),         member_name varchar2(255),         member_password varchar2(255),         member_type varchar2(255),         primary key (id)     )|     create table tbl_member (        id number(19,0) not null,         member_age number(10,0) not null,         member_email varchar2(255),         member_name varchar2(255),         member_password varchar2(255),         member_type varchar2(255),         primary key (id)     )
1681284124918|2|statement|connection 0|url jdbc:p6spy:oracle:thin:@localhost:1521:XE|     alter table tbl_member         add constraint UK_s35vtuk3bgund1wqi78odjvfm unique (member_email)|     alter table tbl_member         add constraint UK_s35vtuk3bgund1wqi78odjvfm unique (member_email)
1681284141318|15|statement|connection 0|url jdbc:p6spy:oracle:thin:@localhost:1521:XE|     drop table tbl_member cascade constraints|     drop table tbl_member cascade constraints
1681284141320|1|statement|connection 0|url jdbc:p6spy:oracle:thin:@localhost:1521:XE|     drop sequence hibernate_sequence|     drop sequence hibernate_sequence
1681284141323|1|statement|connection 0|url jdbc:p6spy:oracle:thin:@localhost:1521:XE|create sequence hibernate_sequence start with 1 increment by 1|create sequence hibernate_sequence start with 1 increment by 1
1681284141336|11|statement|connection 0|url jdbc:p6spy:oracle:thin:@localhost:1521:XE|     create table tbl_member (        id number(19,0) not null,         member_age number(10,0) not null,         member_email varchar2(255),         member_name varchar2(255),         member_password varchar2(255),         member_type varchar2(255),         primary key (id)     )|     create table tbl_member (        id number(19,0) not null,         member_age number(10,0) not null,         member_email varchar2(255),         member_name varchar2(255),         member_password varchar2(255),         member_type varchar2(255),         primary key (id)     )
1681284141340|3|statement|connection 0|url jdbc:p6spy:oracle:thin:@localhost:1521:XE|     alter table tbl_member         add constraint UK_s35vtuk3bgund1wqi78odjvfm unique (member_email)|     alter table tbl_member         add constraint UK_s35vtuk3bgund1wqi78odjvfm unique (member_email)
1681284176390|14|statement|connection 0|url jdbc:p6spy:oracle:thin:@localhost:1521:XE|select * from all_sequences|select * from all_sequences
1681284224893|5|statement|connection 0|url jdbc:p6spy:oracle:thin:@localhost:1521:XE|select * from all_sequences|select * from all_sequences
1681284225132|19|statement|connection 0|url jdbc:p6spy:oracle:thin:@localhost:1521:XE|     alter table tbl_member         add member_age2 number(10,0) not null|     alter table tbl_member         add member_age2 number(10,0) not null
1681284263224|28|statement|connection 0|url jdbc:p6spy:oracle:thin:@localhost:1521:XE|     drop table tbl_member cascade constraints|     drop table tbl_member cascade constraints
1681284263226|1|statement|connection 0|url jdbc:p6spy:oracle:thin:@localhost:1521:XE|     drop sequence hibernate_sequence|     drop sequence hibernate_sequence
1681284263229|1|statement|connection 0|url jdbc:p6spy:oracle:thin:@localhost:1521:XE|create sequence hibernate_sequence start with 1 increment by 1|create sequence hibernate_sequence start with 1 increment by 1
1681284263241|9|statement|connection 0|url jdbc:p6spy:oracle:thin:@localhost:1521:XE|     create table tbl_member (        id number(19,0) not null,         member_age number(10,0) not null,         member_email varchar2(255),         member_name varchar2(255),         member_password varchar2(255),         member_type varchar2(255),         primary key (id)     )|     create table tbl_member (        id number(19,0) not null,         member_age number(10,0) not null,         member_email varchar2(255),         member_name varchar2(255),         member_password varchar2(255),         member_type varchar2(255),         primary key (id)     )
1681284263244|2|statement|connection 0|url jdbc:p6spy:oracle:thin:@localhost:1521:XE|     alter table tbl_member         add constraint UK_s35vtuk3bgund1wqi78odjvfm unique (member_email)|     alter table tbl_member         add constraint UK_s35vtuk3bgund1wqi78odjvfm unique (member_email)
1681284387787|12|statement|connection 0|url jdbc:p6spy:oracle:thin:@localhost:1521:XE|     drop table tbl_member cascade constraints|     drop table tbl_member cascade constraints
1681284387790|2|statement|connection 0|url jdbc:p6spy:oracle:thin:@localhost:1521:XE|     drop sequence hibernate_sequence|     drop sequence hibernate_sequence
1681284387794|1|statement|connection 0|url jdbc:p6spy:oracle:thin:@localhost:1521:XE|create sequence hibernate_sequence start with 1 increment by 1|create sequence hibernate_sequence start with 1 increment by 1
1681284387815|19|statement|connection 0|url jdbc:p6spy:oracle:thin:@localhost:1521:XE|     create table tbl_member (        id number(19,0) not null,         member_age number(10,0) not null,         member_email varchar2(255),         member_name varchar2(255),         member_password varchar2(255),         member_type varchar2(255),         primary key (id)     )|     create table tbl_member (        id number(19,0) not null,         member_age number(10,0) not null,         member_email varchar2(255),         member_name varchar2(255),         member_password varchar2(255),         member_type varchar2(255),         primary key (id)     )
1681284387820|4|statement|connection 0|url jdbc:p6spy:oracle:thin:@localhost:1521:XE|     alter table tbl_member         add constraint UK_s35vtuk3bgund1wqi78odjvfm unique (member_email)|     alter table tbl_member         add constraint UK_s35vtuk3bgund1wqi78odjvfm unique (member_email)
1681284660601|26|statement|connection 0|url jdbc:p6spy:oracle:thin:@localhost:1521:XE|     drop table tbl_member cascade constraints|     drop table tbl_member cascade constraints
1681284660604|1|statement|connection 0|url jdbc:p6spy:oracle:thin:@localhost:1521:XE|     drop sequence hibernate_sequence|     drop sequence hibernate_sequence
1681284660608|1|statement|connection 0|url jdbc:p6spy:oracle:thin:@localhost:1521:XE|create sequence hibernate_sequence start with 1 increment by 1|create sequence hibernate_sequence start with 1 increment by 1
1681284660625|14|statement|connection 0|url jdbc:p6spy:oracle:thin:@localhost:1521:XE|     create table tbl_member (        id number(19,0) not null,         member_age number(10,0) not null,         member_email varchar2(255),         member_name varchar2(255),         member_password varchar2(255),         member_type varchar2(255),         primary key (id)     )|     create table tbl_member (        id number(19,0) not null,         member_age number(10,0) not null,         member_email varchar2(255),         member_name varchar2(255),         member_password varchar2(255),         member_type varchar2(255),         primary key (id)     )
1681284660631|5|statement|connection 0|url jdbc:p6spy:oracle:thin:@localhost:1521:XE|     alter table tbl_member         add constraint UK_s35vtuk3bgund1wqi78odjvfm unique (member_email)|     alter table tbl_member         add constraint UK_s35vtuk3bgund1wqi78odjvfm unique (member_email)
1681284949015|21|statement|connection 0|url jdbc:p6spy:oracle:thin:@localhost:1521:XE|     drop table tbl_member cascade constraints|     drop table tbl_member cascade constraints
1681284949018|1|statement|connection 0|url jdbc:p6spy:oracle:thin:@localhost:1521:XE|     drop sequence hibernate_sequence|     drop sequence hibernate_sequence
1681284949021|1|statement|connection 0|url jdbc:p6spy:oracle:thin:@localhost:1521:XE|create sequence hibernate_sequence start with 1 increment by 1|create sequence hibernate_sequence start with 1 increment by 1
1681284949038|15|statement|connection 0|url jdbc:p6spy:oracle:thin:@localhost:1521:XE|     create table tbl_member (        id number(19,0) not null,         member_age number(10,0) not null,         member_email varchar2(255) not null,         member_name varchar2(255),         member_password varchar2(255),         member_type varchar2(255),         primary key (id)     )|     create table tbl_member (        id number(19,0) not null,         member_age number(10,0) not null,         member_email varchar2(255) not null,         member_name varchar2(255),         member_password varchar2(255),         member_type varchar2(255),         primary key (id)     )
1681284949043|4|statement|connection 0|url jdbc:p6spy:oracle:thin:@localhost:1521:XE|     alter table tbl_member         add constraint UK_s35vtuk3bgund1wqi78odjvfm unique (member_email)|     alter table tbl_member         add constraint UK_s35vtuk3bgund1wqi78odjvfm unique (member_email)
